2023-02-05 11:38:04 [restartedMain] INFO  c.a.DataCollectionAppApplication - Starting DataCollectionAppApplication using Java 15.0.2 on LAPTOP-CNMHDCAV with PID 9028 (C:\Users\sneha\Documents\angularminiproj\DataCollectionApp\target\classes started by snehal in C:\Users\sneha\Documents\angularminiproj\DataCollectionApp)
2023-02-05 11:38:04 [restartedMain] INFO  c.a.DataCollectionAppApplication - No active profile set, falling back to 1 default profile: "default"
2023-02-05 11:38:04 [restartedMain] INFO  o.s.b.d.restart.ChangeableUrls - The Class-Path manifest attribute in C:\Users\sneha\.m2\repository\com\oracle\database\jdbc\ojdbc8\21.5.0.0\ojdbc8-21.5.0.0.jar referenced one or more files that do not exist: file:/C:/Users/sneha/.m2/repository/com/oracle/database/jdbc/ojdbc8/21.5.0.0/oraclepki.jar
2023-02-05 11:38:04 [restartedMain] INFO  o.s.b.d.e.DevToolsPropertyDefaultsPostProcessor - Devtools property defaults active! Set 'spring.devtools.add-properties' to 'false' to disable
2023-02-05 11:38:04 [restartedMain] INFO  o.s.b.d.e.DevToolsPropertyDefaultsPostProcessor - For additional web related logging consider setting the 'logging.level.web' property to 'DEBUG'
2023-02-05 11:38:06 [restartedMain] INFO  o.s.d.r.c.RepositoryConfigurationDelegate - Bootstrapping Spring Data JPA repositories in DEFAULT mode.
2023-02-05 11:38:06 [restartedMain] INFO  o.s.d.r.c.RepositoryConfigurationDelegate - Finished Spring Data repository scanning in 168 ms. Found 6 JPA repository interfaces.
2023-02-05 11:38:06 [restartedMain] INFO  o.s.cloud.context.scope.GenericScope - BeanFactory id=b34ce94a-36f6-3cb9-abff-cf4953e1f21b
2023-02-05 11:38:07 [restartedMain] INFO  o.s.b.w.e.tomcat.TomcatWebServer - Tomcat initialized with port(s): 8055 (http)
2023-02-05 11:38:07 [restartedMain] INFO  o.a.catalina.core.StandardService - Starting service [Tomcat]
2023-02-05 11:38:07 [restartedMain] INFO  o.a.catalina.core.StandardEngine - Starting Servlet engine: [Apache Tomcat/9.0.71]
2023-02-05 11:38:07 [restartedMain] INFO  o.a.c.c.C.[Tomcat].[localhost].[/] - Initializing Spring embedded WebApplicationContext
2023-02-05 11:38:07 [restartedMain] INFO  o.s.b.w.s.c.ServletWebServerApplicationContext - Root WebApplicationContext: initialization completed in 3031 ms
2023-02-05 11:38:09 [restartedMain] INFO  o.h.jpa.internal.util.LogHelper - HHH000204: Processing PersistenceUnitInfo [name: default]
2023-02-05 11:38:09 [restartedMain] INFO  org.hibernate.Version - HHH000412: Hibernate ORM core version 5.6.14.Final
2023-02-05 11:38:09 [restartedMain] INFO  o.h.annotations.common.Version - HCANN000001: Hibernate Commons Annotations {5.1.2.Final}
2023-02-05 11:38:09 [restartedMain] INFO  com.zaxxer.hikari.HikariDataSource - HikariPool-1 - Starting...
2023-02-05 11:38:09 [restartedMain] WARN  c.z.hikari.util.DriverDataSource - Registered driver with driverClassName=oracle.jdbc.driver.OracleDriver was not found, trying direct instantiation.
2023-02-05 11:38:10 [restartedMain] INFO  com.zaxxer.hikari.HikariDataSource - HikariPool-1 - Start completed.
2023-02-05 11:38:10 [restartedMain] INFO  org.hibernate.dialect.Dialect - HHH000400: Using dialect: org.hibernate.dialect.Oracle10gDialect
2023-02-05 11:38:14 [restartedMain] INFO  o.h.e.t.j.p.i.JtaPlatformInitiator - HHH000490: Using JtaPlatform implementation: [org.hibernate.engine.transaction.jta.platform.internal.NoJtaPlatform]
2023-02-05 11:38:14 [restartedMain] INFO  o.s.o.j.LocalContainerEntityManagerFactoryBean - Initialized JPA EntityManagerFactory for persistence unit 'default'
2023-02-05 11:38:15 [restartedMain] WARN  o.s.b.a.o.j.JpaBaseConfiguration$JpaWebConfiguration - spring.jpa.open-in-view is enabled by default. Therefore, database queries may be performed during view rendering. Explicitly configure spring.jpa.open-in-view to disable this warning
2023-02-05 11:38:16 [restartedMain] WARN  o.s.b.d.a.OptionalLiveReloadServer - Unable to start LiveReload server
2023-02-05 11:38:16 [restartedMain] INFO  o.s.c.n.e.c.DiscoveryClientOptionalArgsConfiguration - Eureka HTTP Client uses RestTemplate.
2023-02-05 11:38:16 [restartedMain] WARN  o.s.c.l.c.LoadBalancerCacheAutoConfiguration$LoadBalancerCaffeineWarnLogger - Spring Cloud LoadBalancer is currently working with the default cache. While this cache implementation is useful for development and tests, it's recommended to use Caffeine cache in production.You can switch to using Caffeine cache, by adding it and org.springframework.cache.caffeine.CaffeineCacheManager to the classpath.
2023-02-05 11:38:16 [restartedMain] INFO  o.s.b.a.e.web.EndpointLinksResolver - Exposing 18 endpoint(s) beneath base path '/actuator'
2023-02-05 11:38:16 [restartedMain] INFO  o.s.c.n.eureka.InstanceInfoFactory - Setting initial instance status as: STARTING
2023-02-05 11:38:16 [restartedMain] INFO  c.netflix.discovery.DiscoveryClient - Initializing Eureka in region us-east-1
2023-02-05 11:38:16 [restartedMain] INFO  c.n.d.s.r.aws.ConfigClusterResolver - Resolving eureka endpoints via configuration
2023-02-05 11:38:16 [restartedMain] INFO  c.netflix.discovery.DiscoveryClient - Disable delta property : false
2023-02-05 11:38:16 [restartedMain] INFO  c.netflix.discovery.DiscoveryClient - Single vip registry refresh property : null
2023-02-05 11:38:16 [restartedMain] INFO  c.netflix.discovery.DiscoveryClient - Force full registry fetch : false
2023-02-05 11:38:16 [restartedMain] INFO  c.netflix.discovery.DiscoveryClient - Application is null : false
2023-02-05 11:38:16 [restartedMain] INFO  c.netflix.discovery.DiscoveryClient - Registered Applications size is zero : true
2023-02-05 11:38:16 [restartedMain] INFO  c.netflix.discovery.DiscoveryClient - Application version is -1: true
2023-02-05 11:38:16 [restartedMain] INFO  c.netflix.discovery.DiscoveryClient - Getting all instance registry info from the eureka server
2023-02-05 11:38:17 [restartedMain] INFO  c.netflix.discovery.DiscoveryClient - The response status is 200
2023-02-05 11:38:17 [restartedMain] INFO  c.netflix.discovery.DiscoveryClient - Starting heartbeat executor: renew interval is: 30
2023-02-05 11:38:17 [restartedMain] INFO  c.n.discovery.InstanceInfoReplicator - InstanceInfoReplicator onDemand update allowed rate per min is 4
2023-02-05 11:38:17 [restartedMain] INFO  c.netflix.discovery.DiscoveryClient - Discovery Client initialized at timestamp 1675577297026 with initial instances count: 1
2023-02-05 11:38:17 [restartedMain] INFO  o.s.c.n.e.s.EurekaServiceRegistry - Registering application DATA-COLLECTON-APP with eureka with status UP
2023-02-05 11:38:17 [restartedMain] INFO  c.netflix.discovery.DiscoveryClient - Saw local status change event StatusChangeEvent [timestamp=1675577297039, current=UP, previous=STARTING]
2023-02-05 11:38:17 [DiscoveryClient-InstanceInfoReplicator-0] INFO  c.netflix.discovery.DiscoveryClient - DiscoveryClient_DATA-COLLECTON-APP/host.docker.internal:Data-Collecton-App:8055: registering service...
2023-02-05 11:38:17 [restartedMain] INFO  o.s.b.w.e.tomcat.TomcatWebServer - Tomcat started on port(s): 8055 (http) with context path ''
2023-02-05 11:38:17 [restartedMain] INFO  o.s.c.n.e.s.EurekaAutoServiceRegistration - Updating port to 8055
2023-02-05 11:38:17 [DiscoveryClient-InstanceInfoReplicator-0] INFO  c.netflix.discovery.DiscoveryClient - DiscoveryClient_DATA-COLLECTON-APP/host.docker.internal:Data-Collecton-App:8055 - registration status: 204
2023-02-05 11:38:17 [restartedMain] INFO  c.a.DataCollectionAppApplication - Started DataCollectionAppApplication in 13.003 seconds (JVM running for 13.962)
2023-02-05 11:38:17 [registrationTask1] INFO  d.c.b.a.c.r.ApplicationRegistrator - Application registered itself as c268bcbc1d86
2023-02-05 11:38:17 [http-nio-8055-exec-2] INFO  o.a.c.c.C.[Tomcat].[localhost].[/] - Initializing Spring DispatcherServlet 'dispatcherServlet'
2023-02-05 11:38:17 [http-nio-8055-exec-2] INFO  o.s.web.servlet.DispatcherServlet - Initializing Servlet 'dispatcherServlet'
2023-02-05 11:38:17 [http-nio-8055-exec-2] INFO  o.s.web.servlet.DispatcherServlet - Completed initialization in 2 ms
2023-02-05 11:41:03 [File Watcher] INFO  o.s.b.d.a.LocalDevToolsAutoConfiguration$RestartingClassPathChangeChangedEventListener - Restarting due to 1 class path change (0 additions, 0 deletions, 1 modification)
2023-02-05 11:41:03 [Thread-1] INFO  o.s.c.n.e.s.EurekaServiceRegistry - Unregistering application DATA-COLLECTON-APP with eureka with status DOWN
2023-02-05 11:41:03 [Thread-1] INFO  c.netflix.discovery.DiscoveryClient - Saw local status change event StatusChangeEvent [timestamp=1675577463454, current=DOWN, previous=UP]
2023-02-05 11:41:03 [DiscoveryClient-InstanceInfoReplicator-0] INFO  c.netflix.discovery.DiscoveryClient - DiscoveryClient_DATA-COLLECTON-APP/host.docker.internal:Data-Collecton-App:8055: registering service...
2023-02-05 11:41:03 [DiscoveryClient-InstanceInfoReplicator-0] INFO  c.netflix.discovery.DiscoveryClient - DiscoveryClient_DATA-COLLECTON-APP/host.docker.internal:Data-Collecton-App:8055 - registration status: 204
2023-02-05 11:41:03 [Thread-1] INFO  o.a.catalina.core.StandardService - Stopping service [Tomcat]
2023-02-05 11:41:03 [Thread-1] INFO  o.a.c.c.C.[Tomcat].[localhost].[/] - Destroying Spring FrameworkServlet 'dispatcherServlet'
2023-02-05 11:41:03 [Thread-1] WARN  o.a.c.loader.WebappClassLoaderBase - The web application [ROOT] appears to have started a thread named [pool-2-thread-1] but has failed to stop it. This is very likely to create a memory leak. Stack trace of thread:
 java.base@15.0.2/jdk.internal.misc.Unsafe.park(Native Method)
 java.base@15.0.2/java.util.concurrent.locks.LockSupport.park(LockSupport.java:341)
 java.base@15.0.2/java.util.concurrent.locks.AbstractQueuedSynchronizer$ConditionNode.block(AbstractQueuedSynchronizer.java:505)
 java.base@15.0.2/java.util.concurrent.ForkJoinPool.managedBlock(ForkJoinPool.java:3137)
 java.base@15.0.2/java.util.concurrent.locks.AbstractQueuedSynchronizer$ConditionObject.await(AbstractQueuedSynchronizer.java:1614)
 java.base@15.0.2/java.util.concurrent.LinkedBlockingQueue.take(LinkedBlockingQueue.java:435)
 java.base@15.0.2/java.util.concurrent.ThreadPoolExecutor.getTask(ThreadPoolExecutor.java:1056)
 java.base@15.0.2/java.util.concurrent.ThreadPoolExecutor.runWorker(ThreadPoolExecutor.java:1116)
 java.base@15.0.2/java.util.concurrent.ThreadPoolExecutor$Worker.run(ThreadPoolExecutor.java:630)
 java.base@15.0.2/java.lang.Thread.run(Thread.java:832)
2023-02-05 11:41:03 [Thread-1] WARN  o.a.c.loader.WebappClassLoaderBase - The web application [ROOT] appears to have started a thread named [spring.cloud.inetutils] but has failed to stop it. This is very likely to create a memory leak. Stack trace of thread:
 java.base@15.0.2/jdk.internal.misc.Unsafe.park(Native Method)
 java.base@15.0.2/java.util.concurrent.locks.LockSupport.park(LockSupport.java:341)
 java.base@15.0.2/java.util.concurrent.locks.AbstractQueuedSynchronizer$ConditionNode.block(AbstractQueuedSynchronizer.java:505)
 java.base@15.0.2/java.util.concurrent.ForkJoinPool.managedBlock(ForkJoinPool.java:3137)
 java.base@15.0.2/java.util.concurrent.locks.AbstractQueuedSynchronizer$ConditionObject.await(AbstractQueuedSynchronizer.java:1614)
 java.base@15.0.2/java.util.concurrent.LinkedBlockingQueue.take(LinkedBlockingQueue.java:435)
 java.base@15.0.2/java.util.concurrent.ThreadPoolExecutor.getTask(ThreadPoolExecutor.java:1056)
 java.base@15.0.2/java.util.concurrent.ThreadPoolExecutor.runWorker(ThreadPoolExecutor.java:1116)
 java.base@15.0.2/java.util.concurrent.ThreadPoolExecutor$Worker.run(ThreadPoolExecutor.java:630)
 java.base@15.0.2/java.lang.Thread.run(Thread.java:832)
2023-02-05 11:41:03 [Thread-1] INFO  o.s.o.j.LocalContainerEntityManagerFactoryBean - Closing JPA EntityManagerFactory for persistence unit 'default'
2023-02-05 11:41:04 [Thread-1] INFO  com.zaxxer.hikari.HikariDataSource - HikariPool-1 - Shutdown initiated...
2023-02-05 11:41:04 [Thread-1] INFO  com.zaxxer.hikari.HikariDataSource - HikariPool-1 - Shutdown completed.
2023-02-05 11:41:04 [Thread-1] INFO  c.netflix.discovery.DiscoveryClient - Shutting down DiscoveryClient ...
2023-02-05 11:41:07 [Thread-1] INFO  c.netflix.discovery.DiscoveryClient - Unregistering ...
2023-02-05 11:41:07 [Thread-1] INFO  c.netflix.discovery.DiscoveryClient - DiscoveryClient_DATA-COLLECTON-APP/host.docker.internal:Data-Collecton-App:8055 - deregister  status: 200
2023-02-05 11:41:07 [Thread-1] INFO  c.netflix.discovery.DiscoveryClient - Completed shut down of DiscoveryClient
2023-02-05 11:41:07 [restartedMain] INFO  c.a.DataCollectionAppApplication - Starting DataCollectionAppApplication using Java 15.0.2 on LAPTOP-CNMHDCAV with PID 9028 (C:\Users\sneha\Documents\angularminiproj\DataCollectionApp\target\classes started by snehal in C:\Users\sneha\Documents\angularminiproj\DataCollectionApp)
2023-02-05 11:41:07 [restartedMain] INFO  c.a.DataCollectionAppApplication - No active profile set, falling back to 1 default profile: "default"
2023-02-05 11:41:08 [restartedMain] INFO  o.s.d.r.c.RepositoryConfigurationDelegate - Bootstrapping Spring Data JPA repositories in DEFAULT mode.
2023-02-05 11:41:08 [restartedMain] INFO  o.s.d.r.c.RepositoryConfigurationDelegate - Finished Spring Data repository scanning in 34 ms. Found 6 JPA repository interfaces.
2023-02-05 11:41:08 [restartedMain] INFO  o.s.cloud.context.scope.GenericScope - BeanFactory id=b34ce94a-36f6-3cb9-abff-cf4953e1f21b
2023-02-05 11:41:08 [restartedMain] INFO  o.s.b.w.e.tomcat.TomcatWebServer - Tomcat initialized with port(s): 8055 (http)
2023-02-05 11:41:08 [restartedMain] INFO  o.a.catalina.core.StandardService - Starting service [Tomcat]
2023-02-05 11:41:08 [restartedMain] INFO  o.a.catalina.core.StandardEngine - Starting Servlet engine: [Apache Tomcat/9.0.71]
2023-02-05 11:41:08 [restartedMain] INFO  o.a.c.c.C.[Tomcat].[localhost].[/] - Initializing Spring embedded WebApplicationContext
2023-02-05 11:41:08 [restartedMain] INFO  o.s.b.w.s.c.ServletWebServerApplicationContext - Root WebApplicationContext: initialization completed in 925 ms
2023-02-05 11:41:09 [restartedMain] INFO  o.h.jpa.internal.util.LogHelper - HHH000204: Processing PersistenceUnitInfo [name: default]
2023-02-05 11:41:09 [restartedMain] INFO  com.zaxxer.hikari.HikariDataSource - HikariPool-2 - Starting...
2023-02-05 11:41:09 [restartedMain] WARN  c.z.hikari.util.DriverDataSource - Registered driver with driverClassName=oracle.jdbc.driver.OracleDriver was not found, trying direct instantiation.
2023-02-05 11:41:09 [restartedMain] INFO  com.zaxxer.hikari.HikariDataSource - HikariPool-2 - Start completed.
2023-02-05 11:41:09 [restartedMain] INFO  org.hibernate.dialect.Dialect - HHH000400: Using dialect: org.hibernate.dialect.Oracle10gDialect
2023-02-05 11:41:14 [restartedMain] INFO  o.h.e.t.j.p.i.JtaPlatformInitiator - HHH000490: Using JtaPlatform implementation: [org.hibernate.engine.transaction.jta.platform.internal.NoJtaPlatform]
2023-02-05 11:41:14 [restartedMain] INFO  o.s.o.j.LocalContainerEntityManagerFactoryBean - Initialized JPA EntityManagerFactory for persistence unit 'default'
2023-02-05 11:41:14 [restartedMain] WARN  o.s.b.a.o.j.JpaBaseConfiguration$JpaWebConfiguration - spring.jpa.open-in-view is enabled by default. Therefore, database queries may be performed during view rendering. Explicitly configure spring.jpa.open-in-view to disable this warning
2023-02-05 11:41:15 [restartedMain] WARN  o.s.b.d.a.OptionalLiveReloadServer - Unable to start LiveReload server
2023-02-05 11:41:15 [restartedMain] INFO  o.s.c.n.e.c.DiscoveryClientOptionalArgsConfiguration - Eureka HTTP Client uses RestTemplate.
2023-02-05 11:41:15 [restartedMain] WARN  o.s.c.l.c.LoadBalancerCacheAutoConfiguration$LoadBalancerCaffeineWarnLogger - Spring Cloud LoadBalancer is currently working with the default cache. While this cache implementation is useful for development and tests, it's recommended to use Caffeine cache in production.You can switch to using Caffeine cache, by adding it and org.springframework.cache.caffeine.CaffeineCacheManager to the classpath.
2023-02-05 11:41:15 [restartedMain] INFO  o.s.b.a.e.web.EndpointLinksResolver - Exposing 18 endpoint(s) beneath base path '/actuator'
2023-02-05 11:41:15 [restartedMain] INFO  o.s.c.n.eureka.InstanceInfoFactory - Setting initial instance status as: STARTING
2023-02-05 11:41:15 [restartedMain] INFO  c.netflix.discovery.DiscoveryClient - Initializing Eureka in region us-east-1
2023-02-05 11:41:15 [restartedMain] INFO  c.n.d.s.r.aws.ConfigClusterResolver - Resolving eureka endpoints via configuration
2023-02-05 11:41:15 [restartedMain] INFO  c.netflix.discovery.DiscoveryClient - Disable delta property : false
2023-02-05 11:41:15 [restartedMain] INFO  c.netflix.discovery.DiscoveryClient - Single vip registry refresh property : null
2023-02-05 11:41:15 [restartedMain] INFO  c.netflix.discovery.DiscoveryClient - Force full registry fetch : false
2023-02-05 11:41:15 [restartedMain] INFO  c.netflix.discovery.DiscoveryClient - Application is null : false
2023-02-05 11:41:15 [restartedMain] INFO  c.netflix.discovery.DiscoveryClient - Registered Applications size is zero : true
2023-02-05 11:41:15 [restartedMain] INFO  c.netflix.discovery.DiscoveryClient - Application version is -1: true
2023-02-05 11:41:15 [restartedMain] INFO  c.netflix.discovery.DiscoveryClient - Getting all instance registry info from the eureka server
2023-02-05 11:41:15 [restartedMain] INFO  c.netflix.discovery.DiscoveryClient - The response status is 200
2023-02-05 11:41:15 [restartedMain] INFO  c.netflix.discovery.DiscoveryClient - Starting heartbeat executor: renew interval is: 30
2023-02-05 11:41:15 [restartedMain] INFO  c.n.discovery.InstanceInfoReplicator - InstanceInfoReplicator onDemand update allowed rate per min is 4
2023-02-05 11:41:15 [restartedMain] INFO  c.netflix.discovery.DiscoveryClient - Discovery Client initialized at timestamp 1675577475833 with initial instances count: 2
2023-02-05 11:41:15 [restartedMain] INFO  o.s.c.n.e.s.EurekaServiceRegistry - Registering application DATA-COLLECTON-APP with eureka with status UP
2023-02-05 11:41:15 [restartedMain] INFO  c.netflix.discovery.DiscoveryClient - Saw local status change event StatusChangeEvent [timestamp=1675577475841, current=UP, previous=STARTING]
2023-02-05 11:41:15 [DiscoveryClient-InstanceInfoReplicator-0] INFO  c.netflix.discovery.DiscoveryClient - DiscoveryClient_DATA-COLLECTON-APP/host.docker.internal:Data-Collecton-App:8055: registering service...
2023-02-05 11:41:15 [restartedMain] INFO  o.s.b.w.e.tomcat.TomcatWebServer - Tomcat started on port(s): 8055 (http) with context path ''
2023-02-05 11:41:15 [restartedMain] INFO  o.s.c.n.e.s.EurekaAutoServiceRegistration - Updating port to 8055
2023-02-05 11:41:15 [DiscoveryClient-InstanceInfoReplicator-0] INFO  c.netflix.discovery.DiscoveryClient - DiscoveryClient_DATA-COLLECTON-APP/host.docker.internal:Data-Collecton-App:8055 - registration status: 204
2023-02-05 11:41:15 [restartedMain] INFO  c.a.DataCollectionAppApplication - Started DataCollectionAppApplication in 8.255 seconds (JVM running for 192.715)
2023-02-05 11:41:15 [restartedMain] INFO  o.s.b.d.a.ConditionEvaluationDeltaLoggingListener - Condition evaluation unchanged
2023-02-05 11:41:15 [registrationTask1] INFO  d.c.b.a.c.r.ApplicationRegistrator - Application registered itself as c268bcbc1d86
2023-02-05 11:41:15 [http-nio-8055-exec-1] INFO  o.a.c.c.C.[Tomcat].[localhost].[/] - Initializing Spring DispatcherServlet 'dispatcherServlet'
2023-02-05 11:41:15 [http-nio-8055-exec-1] INFO  o.s.web.servlet.DispatcherServlet - Initializing Servlet 'dispatcherServlet'
2023-02-05 11:41:15 [http-nio-8055-exec-1] INFO  o.s.web.servlet.DispatcherServlet - Completed initialization in 1 ms
2023-02-05 11:41:51 [File Watcher] INFO  o.s.b.d.a.LocalDevToolsAutoConfiguration$RestartingClassPathChangeChangedEventListener - Restarting due to 1 class path change (0 additions, 0 deletions, 1 modification)
2023-02-05 11:41:51 [Thread-20] INFO  o.s.c.n.e.s.EurekaServiceRegistry - Unregistering application DATA-COLLECTON-APP with eureka with status DOWN
2023-02-05 11:41:51 [Thread-20] INFO  c.netflix.discovery.DiscoveryClient - Saw local status change event StatusChangeEvent [timestamp=1675577511664, current=DOWN, previous=UP]
2023-02-05 11:41:51 [DiscoveryClient-InstanceInfoReplicator-0] INFO  c.netflix.discovery.DiscoveryClient - DiscoveryClient_DATA-COLLECTON-APP/host.docker.internal:Data-Collecton-App:8055: registering service...
2023-02-05 11:41:51 [DiscoveryClient-InstanceInfoReplicator-0] INFO  c.netflix.discovery.DiscoveryClient - DiscoveryClient_DATA-COLLECTON-APP/host.docker.internal:Data-Collecton-App:8055 - registration status: 204
2023-02-05 11:41:51 [Thread-20] INFO  o.a.catalina.core.StandardService - Stopping service [Tomcat]
2023-02-05 11:41:51 [Thread-20] INFO  o.a.c.c.C.[Tomcat].[localhost].[/] - Destroying Spring FrameworkServlet 'dispatcherServlet'
2023-02-05 11:41:51 [Thread-20] WARN  o.a.c.loader.WebappClassLoaderBase - The web application [ROOT] appears to have started a thread named [pool-10-thread-1] but has failed to stop it. This is very likely to create a memory leak. Stack trace of thread:
 java.base@15.0.2/jdk.internal.misc.Unsafe.park(Native Method)
 java.base@15.0.2/java.util.concurrent.locks.LockSupport.park(LockSupport.java:341)
 java.base@15.0.2/java.util.concurrent.locks.AbstractQueuedSynchronizer$ConditionNode.block(AbstractQueuedSynchronizer.java:505)
 java.base@15.0.2/java.util.concurrent.ForkJoinPool.managedBlock(ForkJoinPool.java:3137)
 java.base@15.0.2/java.util.concurrent.locks.AbstractQueuedSynchronizer$ConditionObject.await(AbstractQueuedSynchronizer.java:1614)
 java.base@15.0.2/java.util.concurrent.LinkedBlockingQueue.take(LinkedBlockingQueue.java:435)
 java.base@15.0.2/java.util.concurrent.ThreadPoolExecutor.getTask(ThreadPoolExecutor.java:1056)
 java.base@15.0.2/java.util.concurrent.ThreadPoolExecutor.runWorker(ThreadPoolExecutor.java:1116)
 java.base@15.0.2/java.util.concurrent.ThreadPoolExecutor$Worker.run(ThreadPoolExecutor.java:630)
 java.base@15.0.2/java.lang.Thread.run(Thread.java:832)
2023-02-05 11:41:51 [Thread-20] WARN  o.a.c.loader.WebappClassLoaderBase - The web application [ROOT] appears to have started a thread named [spring.cloud.inetutils] but has failed to stop it. This is very likely to create a memory leak. Stack trace of thread:
 java.base@15.0.2/jdk.internal.misc.Unsafe.park(Native Method)
 java.base@15.0.2/java.util.concurrent.locks.LockSupport.park(LockSupport.java:341)
 java.base@15.0.2/java.util.concurrent.locks.AbstractQueuedSynchronizer$ConditionNode.block(AbstractQueuedSynchronizer.java:505)
 java.base@15.0.2/java.util.concurrent.ForkJoinPool.managedBlock(ForkJoinPool.java:3137)
 java.base@15.0.2/java.util.concurrent.locks.AbstractQueuedSynchronizer$ConditionObject.await(AbstractQueuedSynchronizer.java:1614)
 java.base@15.0.2/java.util.concurrent.LinkedBlockingQueue.take(LinkedBlockingQueue.java:435)
 java.base@15.0.2/java.util.concurrent.ThreadPoolExecutor.getTask(ThreadPoolExecutor.java:1056)
 java.base@15.0.2/java.util.concurrent.ThreadPoolExecutor.runWorker(ThreadPoolExecutor.java:1116)
 java.base@15.0.2/java.util.concurrent.ThreadPoolExecutor$Worker.run(ThreadPoolExecutor.java:630)
 java.base@15.0.2/java.lang.Thread.run(Thread.java:832)
2023-02-05 11:41:51 [Thread-20] INFO  o.s.o.j.LocalContainerEntityManagerFactoryBean - Closing JPA EntityManagerFactory for persistence unit 'default'
2023-02-05 11:41:52 [Thread-20] INFO  com.zaxxer.hikari.HikariDataSource - HikariPool-2 - Shutdown initiated...
2023-02-05 11:41:52 [Thread-20] INFO  com.zaxxer.hikari.HikariDataSource - HikariPool-2 - Shutdown completed.
2023-02-05 11:41:52 [Thread-20] INFO  c.netflix.discovery.DiscoveryClient - Shutting down DiscoveryClient ...
2023-02-05 11:41:55 [Thread-20] INFO  c.netflix.discovery.DiscoveryClient - Unregistering ...
2023-02-05 11:41:55 [Thread-20] INFO  c.netflix.discovery.DiscoveryClient - DiscoveryClient_DATA-COLLECTON-APP/host.docker.internal:Data-Collecton-App:8055 - deregister  status: 200
2023-02-05 11:41:55 [Thread-20] INFO  c.netflix.discovery.DiscoveryClient - Completed shut down of DiscoveryClient
2023-02-05 11:41:55 [restartedMain] INFO  c.a.DataCollectionAppApplication - Starting DataCollectionAppApplication using Java 15.0.2 on LAPTOP-CNMHDCAV with PID 9028 (C:\Users\sneha\Documents\angularminiproj\DataCollectionApp\target\classes started by snehal in C:\Users\sneha\Documents\angularminiproj\DataCollectionApp)
2023-02-05 11:41:55 [restartedMain] INFO  c.a.DataCollectionAppApplication - No active profile set, falling back to 1 default profile: "default"
2023-02-05 11:41:56 [restartedMain] INFO  o.s.d.r.c.RepositoryConfigurationDelegate - Bootstrapping Spring Data JPA repositories in DEFAULT mode.
2023-02-05 11:41:56 [restartedMain] INFO  o.s.d.r.c.RepositoryConfigurationDelegate - Finished Spring Data repository scanning in 35 ms. Found 6 JPA repository interfaces.
2023-02-05 11:41:56 [restartedMain] INFO  o.s.cloud.context.scope.GenericScope - BeanFactory id=b34ce94a-36f6-3cb9-abff-cf4953e1f21b
2023-02-05 11:41:56 [restartedMain] INFO  o.s.b.w.e.tomcat.TomcatWebServer - Tomcat initialized with port(s): 8055 (http)
2023-02-05 11:41:56 [restartedMain] INFO  o.a.catalina.core.StandardService - Starting service [Tomcat]
2023-02-05 11:41:56 [restartedMain] INFO  o.a.catalina.core.StandardEngine - Starting Servlet engine: [Apache Tomcat/9.0.71]
2023-02-05 11:41:56 [restartedMain] INFO  o.a.c.c.C.[Tomcat].[localhost].[/] - Initializing Spring embedded WebApplicationContext
2023-02-05 11:41:56 [restartedMain] INFO  o.s.b.w.s.c.ServletWebServerApplicationContext - Root WebApplicationContext: initialization completed in 916 ms
2023-02-05 11:41:57 [restartedMain] INFO  o.h.jpa.internal.util.LogHelper - HHH000204: Processing PersistenceUnitInfo [name: default]
2023-02-05 11:41:57 [restartedMain] INFO  com.zaxxer.hikari.HikariDataSource - HikariPool-3 - Starting...
2023-02-05 11:41:57 [restartedMain] WARN  c.z.hikari.util.DriverDataSource - Registered driver with driverClassName=oracle.jdbc.driver.OracleDriver was not found, trying direct instantiation.
2023-02-05 11:41:57 [restartedMain] INFO  com.zaxxer.hikari.HikariDataSource - HikariPool-3 - Start completed.
2023-02-05 11:41:57 [restartedMain] INFO  org.hibernate.dialect.Dialect - HHH000400: Using dialect: org.hibernate.dialect.Oracle10gDialect
2023-02-05 11:42:00 [restartedMain] INFO  o.h.e.t.j.p.i.JtaPlatformInitiator - HHH000490: Using JtaPlatform implementation: [org.hibernate.engine.transaction.jta.platform.internal.NoJtaPlatform]
2023-02-05 11:42:00 [restartedMain] INFO  o.s.o.j.LocalContainerEntityManagerFactoryBean - Initialized JPA EntityManagerFactory for persistence unit 'default'
2023-02-05 11:42:00 [restartedMain] WARN  o.s.b.a.o.j.JpaBaseConfiguration$JpaWebConfiguration - spring.jpa.open-in-view is enabled by default. Therefore, database queries may be performed during view rendering. Explicitly configure spring.jpa.open-in-view to disable this warning
2023-02-05 11:42:01 [restartedMain] WARN  o.s.b.d.a.OptionalLiveReloadServer - Unable to start LiveReload server
2023-02-05 11:42:01 [restartedMain] INFO  o.s.c.n.e.c.DiscoveryClientOptionalArgsConfiguration - Eureka HTTP Client uses RestTemplate.
2023-02-05 11:42:01 [restartedMain] WARN  o.s.c.l.c.LoadBalancerCacheAutoConfiguration$LoadBalancerCaffeineWarnLogger - Spring Cloud LoadBalancer is currently working with the default cache. While this cache implementation is useful for development and tests, it's recommended to use Caffeine cache in production.You can switch to using Caffeine cache, by adding it and org.springframework.cache.caffeine.CaffeineCacheManager to the classpath.
2023-02-05 11:42:01 [restartedMain] INFO  o.s.b.a.e.web.EndpointLinksResolver - Exposing 18 endpoint(s) beneath base path '/actuator'
2023-02-05 11:42:01 [restartedMain] INFO  o.s.c.n.eureka.InstanceInfoFactory - Setting initial instance status as: STARTING
2023-02-05 11:42:01 [restartedMain] INFO  c.netflix.discovery.DiscoveryClient - Initializing Eureka in region us-east-1
2023-02-05 11:42:01 [restartedMain] INFO  c.n.d.s.r.aws.ConfigClusterResolver - Resolving eureka endpoints via configuration
2023-02-05 11:42:01 [restartedMain] INFO  c.netflix.discovery.DiscoveryClient - Disable delta property : false
2023-02-05 11:42:01 [restartedMain] INFO  c.netflix.discovery.DiscoveryClient - Single vip registry refresh property : null
2023-02-05 11:42:01 [restartedMain] INFO  c.netflix.discovery.DiscoveryClient - Force full registry fetch : false
2023-02-05 11:42:01 [restartedMain] INFO  c.netflix.discovery.DiscoveryClient - Application is null : false
2023-02-05 11:42:01 [restartedMain] INFO  c.netflix.discovery.DiscoveryClient - Registered Applications size is zero : true
2023-02-05 11:42:01 [restartedMain] INFO  c.netflix.discovery.DiscoveryClient - Application version is -1: true
2023-02-05 11:42:01 [restartedMain] INFO  c.netflix.discovery.DiscoveryClient - Getting all instance registry info from the eureka server
2023-02-05 11:42:01 [restartedMain] INFO  c.netflix.discovery.DiscoveryClient - The response status is 200
2023-02-05 11:42:01 [restartedMain] INFO  c.netflix.discovery.DiscoveryClient - Starting heartbeat executor: renew interval is: 30
2023-02-05 11:42:01 [restartedMain] INFO  c.n.discovery.InstanceInfoReplicator - InstanceInfoReplicator onDemand update allowed rate per min is 4
2023-02-05 11:42:01 [restartedMain] INFO  c.netflix.discovery.DiscoveryClient - Discovery Client initialized at timestamp 1675577521529 with initial instances count: 1
2023-02-05 11:42:01 [restartedMain] INFO  o.s.c.n.e.s.EurekaServiceRegistry - Registering application DATA-COLLECTON-APP with eureka with status UP
2023-02-05 11:42:01 [restartedMain] INFO  c.netflix.discovery.DiscoveryClient - Saw local status change event StatusChangeEvent [timestamp=1675577521537, current=UP, previous=STARTING]
2023-02-05 11:42:01 [DiscoveryClient-InstanceInfoReplicator-0] INFO  c.netflix.discovery.DiscoveryClient - DiscoveryClient_DATA-COLLECTON-APP/host.docker.internal:Data-Collecton-App:8055: registering service...
2023-02-05 11:42:01 [restartedMain] INFO  o.s.b.w.e.tomcat.TomcatWebServer - Tomcat started on port(s): 8055 (http) with context path ''
2023-02-05 11:42:01 [restartedMain] INFO  o.s.c.n.e.s.EurekaAutoServiceRegistration - Updating port to 8055
2023-02-05 11:42:01 [DiscoveryClient-InstanceInfoReplicator-0] INFO  c.netflix.discovery.DiscoveryClient - DiscoveryClient_DATA-COLLECTON-APP/host.docker.internal:Data-Collecton-App:8055 - registration status: 204
2023-02-05 11:42:01 [restartedMain] INFO  c.a.DataCollectionAppApplication - Started DataCollectionAppApplication in 5.791 seconds (JVM running for 238.413)
2023-02-05 11:42:01 [restartedMain] INFO  o.s.b.d.a.ConditionEvaluationDeltaLoggingListener - Condition evaluation unchanged
2023-02-05 11:42:01 [registrationTask1] INFO  d.c.b.a.c.r.ApplicationRegistrator - Application registered itself as c268bcbc1d86
2023-02-05 11:42:01 [http-nio-8055-exec-1] INFO  o.a.c.c.C.[Tomcat].[localhost].[/] - Initializing Spring DispatcherServlet 'dispatcherServlet'
2023-02-05 11:42:01 [http-nio-8055-exec-1] INFO  o.s.web.servlet.DispatcherServlet - Initializing Servlet 'dispatcherServlet'
2023-02-05 11:42:01 [http-nio-8055-exec-1] INFO  o.s.web.servlet.DispatcherServlet - Completed initialization in 1 ms
2023-02-05 11:42:02 [File Watcher] INFO  o.s.b.d.a.LocalDevToolsAutoConfiguration$RestartingClassPathChangeChangedEventListener - Restarting due to 1 class path change (0 additions, 0 deletions, 1 modification)
2023-02-05 11:42:02 [Thread-30] INFO  o.s.c.n.e.s.EurekaServiceRegistry - Unregistering application DATA-COLLECTON-APP with eureka with status DOWN
2023-02-05 11:42:02 [Thread-30] INFO  c.netflix.discovery.DiscoveryClient - Saw local status change event StatusChangeEvent [timestamp=1675577522536, current=DOWN, previous=UP]
2023-02-05 11:42:02 [DiscoveryClient-InstanceInfoReplicator-0] INFO  c.netflix.discovery.DiscoveryClient - DiscoveryClient_DATA-COLLECTON-APP/host.docker.internal:Data-Collecton-App:8055: registering service...
2023-02-05 11:42:02 [DiscoveryClient-InstanceInfoReplicator-0] INFO  c.netflix.discovery.DiscoveryClient - DiscoveryClient_DATA-COLLECTON-APP/host.docker.internal:Data-Collecton-App:8055 - registration status: 204
2023-02-05 11:42:02 [Thread-30] INFO  o.a.catalina.core.StandardService - Stopping service [Tomcat]
2023-02-05 11:42:02 [Thread-30] INFO  o.a.c.c.C.[Tomcat].[localhost].[/] - Destroying Spring FrameworkServlet 'dispatcherServlet'
2023-02-05 11:42:02 [Thread-30] WARN  o.a.c.loader.WebappClassLoaderBase - The web application [ROOT] appears to have started a thread named [pool-18-thread-1] but has failed to stop it. This is very likely to create a memory leak. Stack trace of thread:
 java.base@15.0.2/jdk.internal.misc.Unsafe.park(Native Method)
 java.base@15.0.2/java.util.concurrent.locks.LockSupport.park(LockSupport.java:341)
 java.base@15.0.2/java.util.concurrent.locks.AbstractQueuedSynchronizer$ConditionNode.block(AbstractQueuedSynchronizer.java:505)
 java.base@15.0.2/java.util.concurrent.ForkJoinPool.managedBlock(ForkJoinPool.java:3137)
 java.base@15.0.2/java.util.concurrent.locks.AbstractQueuedSynchronizer$ConditionObject.await(AbstractQueuedSynchronizer.java:1614)
 java.base@15.0.2/java.util.concurrent.LinkedBlockingQueue.take(LinkedBlockingQueue.java:435)
 java.base@15.0.2/java.util.concurrent.ThreadPoolExecutor.getTask(ThreadPoolExecutor.java:1056)
 java.base@15.0.2/java.util.concurrent.ThreadPoolExecutor.runWorker(ThreadPoolExecutor.java:1116)
 java.base@15.0.2/java.util.concurrent.ThreadPoolExecutor$Worker.run(ThreadPoolExecutor.java:630)
 java.base@15.0.2/java.lang.Thread.run(Thread.java:832)
2023-02-05 11:42:02 [Thread-30] WARN  o.a.c.loader.WebappClassLoaderBase - The web application [ROOT] appears to have started a thread named [spring.cloud.inetutils] but has failed to stop it. This is very likely to create a memory leak. Stack trace of thread:
 java.base@15.0.2/jdk.internal.misc.Unsafe.park(Native Method)
 java.base@15.0.2/java.util.concurrent.locks.LockSupport.park(LockSupport.java:341)
 java.base@15.0.2/java.util.concurrent.locks.AbstractQueuedSynchronizer$ConditionNode.block(AbstractQueuedSynchronizer.java:505)
 java.base@15.0.2/java.util.concurrent.ForkJoinPool.managedBlock(ForkJoinPool.java:3137)
 java.base@15.0.2/java.util.concurrent.locks.AbstractQueuedSynchronizer$ConditionObject.await(AbstractQueuedSynchronizer.java:1614)
 java.base@15.0.2/java.util.concurrent.LinkedBlockingQueue.take(LinkedBlockingQueue.java:435)
 java.base@15.0.2/java.util.concurrent.ThreadPoolExecutor.getTask(ThreadPoolExecutor.java:1056)
 java.base@15.0.2/java.util.concurrent.ThreadPoolExecutor.runWorker(ThreadPoolExecutor.java:1116)
 java.base@15.0.2/java.util.concurrent.ThreadPoolExecutor$Worker.run(ThreadPoolExecutor.java:630)
 java.base@15.0.2/java.lang.Thread.run(Thread.java:832)
2023-02-05 11:42:02 [Thread-30] INFO  o.s.o.j.LocalContainerEntityManagerFactoryBean - Closing JPA EntityManagerFactory for persistence unit 'default'
2023-02-05 11:42:03 [Thread-30] INFO  com.zaxxer.hikari.HikariDataSource - HikariPool-3 - Shutdown initiated...
2023-02-05 11:42:03 [Thread-30] INFO  com.zaxxer.hikari.HikariDataSource - HikariPool-3 - Shutdown completed.
2023-02-05 11:42:03 [Thread-30] INFO  c.netflix.discovery.DiscoveryClient - Shutting down DiscoveryClient ...
2023-02-05 11:42:06 [Thread-30] INFO  c.netflix.discovery.DiscoveryClient - Unregistering ...
2023-02-05 11:42:06 [Thread-30] INFO  c.netflix.discovery.DiscoveryClient - DiscoveryClient_DATA-COLLECTON-APP/host.docker.internal:Data-Collecton-App:8055 - deregister  status: 200
2023-02-05 11:42:06 [Thread-30] INFO  c.netflix.discovery.DiscoveryClient - Completed shut down of DiscoveryClient
2023-02-05 11:42:06 [restartedMain] INFO  c.a.DataCollectionAppApplication - Starting DataCollectionAppApplication using Java 15.0.2 on LAPTOP-CNMHDCAV with PID 9028 (C:\Users\sneha\Documents\angularminiproj\DataCollectionApp\target\classes started by snehal in C:\Users\sneha\Documents\angularminiproj\DataCollectionApp)
2023-02-05 11:42:06 [restartedMain] INFO  c.a.DataCollectionAppApplication - No active profile set, falling back to 1 default profile: "default"
2023-02-05 11:42:07 [restartedMain] INFO  o.s.d.r.c.RepositoryConfigurationDelegate - Bootstrapping Spring Data JPA repositories in DEFAULT mode.
2023-02-05 11:42:07 [restartedMain] INFO  o.s.d.r.c.RepositoryConfigurationDelegate - Finished Spring Data repository scanning in 30 ms. Found 6 JPA repository interfaces.
2023-02-05 11:42:07 [restartedMain] INFO  o.s.cloud.context.scope.GenericScope - BeanFactory id=b34ce94a-36f6-3cb9-abff-cf4953e1f21b
2023-02-05 11:42:07 [restartedMain] INFO  o.s.b.w.e.tomcat.TomcatWebServer - Tomcat initialized with port(s): 8055 (http)
2023-02-05 11:42:07 [restartedMain] INFO  o.a.catalina.core.StandardService - Starting service [Tomcat]
2023-02-05 11:42:07 [restartedMain] INFO  o.a.catalina.core.StandardEngine - Starting Servlet engine: [Apache Tomcat/9.0.71]
2023-02-05 11:42:07 [restartedMain] INFO  o.a.c.c.C.[Tomcat].[localhost].[/] - Initializing Spring embedded WebApplicationContext
2023-02-05 11:42:07 [restartedMain] INFO  o.s.b.w.s.c.ServletWebServerApplicationContext - Root WebApplicationContext: initialization completed in 904 ms
2023-02-05 11:42:08 [restartedMain] INFO  o.h.jpa.internal.util.LogHelper - HHH000204: Processing PersistenceUnitInfo [name: default]
2023-02-05 11:42:08 [restartedMain] INFO  com.zaxxer.hikari.HikariDataSource - HikariPool-4 - Starting...
2023-02-05 11:42:08 [restartedMain] WARN  c.z.hikari.util.DriverDataSource - Registered driver with driverClassName=oracle.jdbc.driver.OracleDriver was not found, trying direct instantiation.
2023-02-05 11:42:08 [restartedMain] INFO  com.zaxxer.hikari.HikariDataSource - HikariPool-4 - Start completed.
2023-02-05 11:42:08 [restartedMain] INFO  org.hibernate.dialect.Dialect - HHH000400: Using dialect: org.hibernate.dialect.Oracle10gDialect
2023-02-05 11:42:10 [restartedMain] INFO  o.h.e.t.j.p.i.JtaPlatformInitiator - HHH000490: Using JtaPlatform implementation: [org.hibernate.engine.transaction.jta.platform.internal.NoJtaPlatform]
2023-02-05 11:42:10 [restartedMain] INFO  o.s.o.j.LocalContainerEntityManagerFactoryBean - Initialized JPA EntityManagerFactory for persistence unit 'default'
2023-02-05 11:42:11 [restartedMain] WARN  o.s.b.a.o.j.JpaBaseConfiguration$JpaWebConfiguration - spring.jpa.open-in-view is enabled by default. Therefore, database queries may be performed during view rendering. Explicitly configure spring.jpa.open-in-view to disable this warning
2023-02-05 11:42:11 [restartedMain] WARN  o.s.b.d.a.OptionalLiveReloadServer - Unable to start LiveReload server
2023-02-05 11:42:11 [restartedMain] INFO  o.s.c.n.e.c.DiscoveryClientOptionalArgsConfiguration - Eureka HTTP Client uses RestTemplate.
2023-02-05 11:42:12 [restartedMain] WARN  o.s.c.l.c.LoadBalancerCacheAutoConfiguration$LoadBalancerCaffeineWarnLogger - Spring Cloud LoadBalancer is currently working with the default cache. While this cache implementation is useful for development and tests, it's recommended to use Caffeine cache in production.You can switch to using Caffeine cache, by adding it and org.springframework.cache.caffeine.CaffeineCacheManager to the classpath.
2023-02-05 11:42:12 [restartedMain] INFO  o.s.b.a.e.web.EndpointLinksResolver - Exposing 18 endpoint(s) beneath base path '/actuator'
2023-02-05 11:42:12 [restartedMain] INFO  o.s.c.n.eureka.InstanceInfoFactory - Setting initial instance status as: STARTING
2023-02-05 11:42:12 [restartedMain] INFO  c.netflix.discovery.DiscoveryClient - Initializing Eureka in region us-east-1
2023-02-05 11:42:12 [restartedMain] INFO  c.n.d.s.r.aws.ConfigClusterResolver - Resolving eureka endpoints via configuration
2023-02-05 11:42:12 [restartedMain] INFO  c.netflix.discovery.DiscoveryClient - Disable delta property : false
2023-02-05 11:42:12 [restartedMain] INFO  c.netflix.discovery.DiscoveryClient - Single vip registry refresh property : null
2023-02-05 11:42:12 [restartedMain] INFO  c.netflix.discovery.DiscoveryClient - Force full registry fetch : false
2023-02-05 11:42:12 [restartedMain] INFO  c.netflix.discovery.DiscoveryClient - Application is null : false
2023-02-05 11:42:12 [restartedMain] INFO  c.netflix.discovery.DiscoveryClient - Registered Applications size is zero : true
2023-02-05 11:42:12 [restartedMain] INFO  c.netflix.discovery.DiscoveryClient - Application version is -1: true
2023-02-05 11:42:12 [restartedMain] INFO  c.netflix.discovery.DiscoveryClient - Getting all instance registry info from the eureka server
2023-02-05 11:42:12 [restartedMain] INFO  c.netflix.discovery.DiscoveryClient - The response status is 200
2023-02-05 11:42:12 [restartedMain] INFO  c.netflix.discovery.DiscoveryClient - Starting heartbeat executor: renew interval is: 30
2023-02-05 11:42:12 [restartedMain] INFO  c.n.discovery.InstanceInfoReplicator - InstanceInfoReplicator onDemand update allowed rate per min is 4
2023-02-05 11:42:12 [restartedMain] INFO  c.netflix.discovery.DiscoveryClient - Discovery Client initialized at timestamp 1675577532267 with initial instances count: 1
2023-02-05 11:42:12 [restartedMain] INFO  o.s.c.n.e.s.EurekaServiceRegistry - Registering application DATA-COLLECTON-APP with eureka with status UP
2023-02-05 11:42:12 [restartedMain] INFO  c.netflix.discovery.DiscoveryClient - Saw local status change event StatusChangeEvent [timestamp=1675577532275, current=UP, previous=STARTING]
2023-02-05 11:42:12 [DiscoveryClient-InstanceInfoReplicator-0] INFO  c.netflix.discovery.DiscoveryClient - DiscoveryClient_DATA-COLLECTON-APP/host.docker.internal:Data-Collecton-App:8055: registering service...
2023-02-05 11:42:12 [restartedMain] INFO  o.s.b.w.e.tomcat.TomcatWebServer - Tomcat started on port(s): 8055 (http) with context path ''
2023-02-05 11:42:12 [restartedMain] INFO  o.s.c.n.e.s.EurekaAutoServiceRegistration - Updating port to 8055
2023-02-05 11:42:12 [DiscoveryClient-InstanceInfoReplicator-0] INFO  c.netflix.discovery.DiscoveryClient - DiscoveryClient_DATA-COLLECTON-APP/host.docker.internal:Data-Collecton-App:8055 - registration status: 204
2023-02-05 11:42:12 [restartedMain] INFO  c.a.DataCollectionAppApplication - Started DataCollectionAppApplication in 5.66 seconds (JVM running for 249.148)
2023-02-05 11:42:12 [restartedMain] INFO  o.s.b.d.a.ConditionEvaluationDeltaLoggingListener - Condition evaluation unchanged
2023-02-05 11:42:12 [http-nio-8055-exec-1] INFO  o.a.c.c.C.[Tomcat].[localhost].[/] - Initializing Spring DispatcherServlet 'dispatcherServlet'
2023-02-05 11:42:12 [http-nio-8055-exec-1] INFO  o.s.web.servlet.DispatcherServlet - Initializing Servlet 'dispatcherServlet'
2023-02-05 11:42:12 [http-nio-8055-exec-1] INFO  o.s.web.servlet.DispatcherServlet - Completed initialization in 2 ms
2023-02-05 11:42:12 [registrationTask1] INFO  d.c.b.a.c.r.ApplicationRegistrator - Application registered itself as c268bcbc1d86
2023-02-05 11:42:58 [http-nio-8055-exec-6] INFO  c.a.r.controller.DataCollectionRest -  createCase method start 
2023-02-05 11:42:58 [http-nio-8055-exec-6] INFO  c.a.r.controller.DataCollectionRest -  createCase method called service class method createCase 
2023-02-05 11:42:58 [http-nio-8055-exec-6] INFO  c.a.service.DataCollectionService - createCase method start 
2023-02-05 11:42:58 [http-nio-8055-exec-6] INFO  c.a.service.DataCollectionService -  checkForCitizen method start 
2023-02-05 11:42:58 [http-nio-8055-exec-6] INFO  c.a.service.DataCollectionService -  createCase method end 
2023-02-05 11:42:58 [http-nio-8055-exec-6] INFO  c.a.r.controller.DataCollectionRest -  createCase method called service class method getPlans 
2023-02-05 11:42:58 [http-nio-8055-exec-6] INFO  c.a.service.DataCollectionService -  getplans method start
2023-02-05 11:42:58 [http-nio-8055-exec-6] INFO  c.a.service.DataCollectionService -  getplans method end
2023-02-05 11:42:58 [http-nio-8055-exec-6] INFO  c.a.r.controller.DataCollectionRest -  createCase method ends 
2023-02-05 11:43:22 [http-nio-8055-exec-8] INFO  c.a.r.controller.DataCollectionRest -  selectPlan method start 
2023-02-05 11:43:22 [http-nio-8055-exec-8] INFO  c.a.service.DataCollectionService -  selectPlans method start
2023-02-05 11:43:22 [http-nio-8055-exec-8] INFO  c.a.service.DataCollectionService -  searchCase method start
2023-02-05 11:43:22 [http-nio-8055-exec-8] INFO  c.a.service.DataCollectionService -   case  found . searchCase method ends 
2023-02-05 11:43:22 [http-nio-8055-exec-8] INFO  c.a.service.DataCollectionService -  selectPlans method end
2023-02-05 11:43:22 [http-nio-8055-exec-8] INFO  c.a.r.controller.DataCollectionRest -  selectPlan method ends 
2023-02-05 11:43:32 [http-nio-8055-exec-10] INFO  c.a.r.controller.DataCollectionRest -  saveEducationDetails method start 
2023-02-05 11:43:32 [http-nio-8055-exec-10] INFO  c.a.service.DataCollectionService -  saveEducationDetails method start
2023-02-05 11:43:32 [http-nio-8055-exec-10] INFO  c.a.service.DataCollectionService -  searchCase method start
2023-02-05 11:43:32 [http-nio-8055-exec-10] INFO  c.a.service.DataCollectionService -   case  found . searchCase method ends 
2023-02-05 11:43:32 [http-nio-8055-exec-10] INFO  c.a.service.DataCollectionService -  saveEducationDetails method end
2023-02-05 11:43:32 [http-nio-8055-exec-10] INFO  c.a.r.controller.DataCollectionRest -  saveEducationDetails method ends 
2023-02-05 11:43:38 [http-nio-8055-exec-2] INFO  c.a.r.controller.DataCollectionRest -  saveIncomeDetails method start 
2023-02-05 11:43:38 [http-nio-8055-exec-2] INFO  c.a.service.DataCollectionService -  saveIncomeDetails method start
2023-02-05 11:43:38 [http-nio-8055-exec-2] INFO  c.a.service.DataCollectionService -  searchCase method start
2023-02-05 11:43:38 [http-nio-8055-exec-2] INFO  c.a.service.DataCollectionService -   case  found . searchCase method ends 
2023-02-05 11:43:38 [http-nio-8055-exec-2] INFO  c.a.service.DataCollectionService -  saveIncomeDetails method end
2023-02-05 11:43:38 [http-nio-8055-exec-2] INFO  c.a.r.controller.DataCollectionRest -  saveIncomeDetails method ends 
2023-02-05 11:43:46 [http-nio-8055-exec-1] INFO  c.a.r.controller.DataCollectionRest -  saveKidDetails method start 
2023-02-05 11:43:46 [http-nio-8055-exec-1] INFO  c.a.service.DataCollectionService -  saveKidsDetails method start
2023-02-05 11:43:46 [http-nio-8055-exec-1] INFO  c.a.service.DataCollectionService -  searchCase method start
2023-02-05 11:43:46 [http-nio-8055-exec-1] INFO  c.a.service.DataCollectionService -   case  found . searchCase method ends 
2023-02-05 11:43:46 [http-nio-8055-exec-1] INFO  c.a.service.DataCollectionService -  saveKidsDetails method end
2023-02-05 11:43:46 [http-nio-8055-exec-1] INFO  c.a.service.DataCollectionService -  CaseDetails method start
2023-02-05 11:43:46 [http-nio-8055-exec-1] INFO  c.a.service.DataCollectionService -  searchCase method start
2023-02-05 11:43:46 [http-nio-8055-exec-1] INFO  c.a.service.DataCollectionService -   case  found . searchCase method ends 
2023-02-05 11:43:46 [http-nio-8055-exec-1] INFO  c.a.service.DataCollectionService -  CaseDetails method ends
2023-02-05 11:43:46 [http-nio-8055-exec-1] INFO  c.a.r.controller.DataCollectionRest -  saveKidDetails method ends 
2023-02-05 11:43:58 [RMI TCP Connection(10)-127.0.0.1] INFO  o.s.b.a.SpringApplicationAdminMXBeanRegistrar$SpringApplicationAdmin - Application shutdown requested.
2023-02-05 11:43:58 [RMI TCP Connection(10)-127.0.0.1] INFO  o.s.c.n.e.s.EurekaServiceRegistry - Unregistering application DATA-COLLECTON-APP with eureka with status DOWN
2023-02-05 11:43:58 [RMI TCP Connection(10)-127.0.0.1] INFO  c.netflix.discovery.DiscoveryClient - Saw local status change event StatusChangeEvent [timestamp=1675577638281, current=DOWN, previous=UP]
2023-02-05 11:43:58 [DiscoveryClient-InstanceInfoReplicator-0] INFO  c.netflix.discovery.DiscoveryClient - DiscoveryClient_DATA-COLLECTON-APP/host.docker.internal:Data-Collecton-App:8055: registering service...
2023-02-05 11:43:58 [DiscoveryClient-InstanceInfoReplicator-0] INFO  c.netflix.discovery.DiscoveryClient - DiscoveryClient_DATA-COLLECTON-APP/host.docker.internal:Data-Collecton-App:8055 - registration status: 204
2023-02-05 11:43:58 [RMI TCP Connection(10)-127.0.0.1] INFO  o.a.catalina.core.StandardService - Stopping service [Tomcat]
2023-02-05 11:43:58 [RMI TCP Connection(10)-127.0.0.1] INFO  o.a.c.c.C.[Tomcat].[localhost].[/] - Destroying Spring FrameworkServlet 'dispatcherServlet'
2023-02-05 11:43:58 [RMI TCP Connection(10)-127.0.0.1] WARN  o.a.c.loader.WebappClassLoaderBase - The web application [ROOT] appears to have started a thread named [pool-26-thread-1] but has failed to stop it. This is very likely to create a memory leak. Stack trace of thread:
 java.base@15.0.2/jdk.internal.misc.Unsafe.park(Native Method)
 java.base@15.0.2/java.util.concurrent.locks.LockSupport.park(LockSupport.java:341)
 java.base@15.0.2/java.util.concurrent.locks.AbstractQueuedSynchronizer$ConditionNode.block(AbstractQueuedSynchronizer.java:505)
 java.base@15.0.2/java.util.concurrent.ForkJoinPool.managedBlock(ForkJoinPool.java:3137)
 java.base@15.0.2/java.util.concurrent.locks.AbstractQueuedSynchronizer$ConditionObject.await(AbstractQueuedSynchronizer.java:1614)
 java.base@15.0.2/java.util.concurrent.LinkedBlockingQueue.take(LinkedBlockingQueue.java:435)
 java.base@15.0.2/java.util.concurrent.ThreadPoolExecutor.getTask(ThreadPoolExecutor.java:1056)
 java.base@15.0.2/java.util.concurrent.ThreadPoolExecutor.runWorker(ThreadPoolExecutor.java:1116)
 java.base@15.0.2/java.util.concurrent.ThreadPoolExecutor$Worker.run(ThreadPoolExecutor.java:630)
 java.base@15.0.2/java.lang.Thread.run(Thread.java:832)
2023-02-05 11:43:58 [RMI TCP Connection(10)-127.0.0.1] WARN  o.a.c.loader.WebappClassLoaderBase - The web application [ROOT] appears to have started a thread named [spring.cloud.inetutils] but has failed to stop it. This is very likely to create a memory leak. Stack trace of thread:
 java.base@15.0.2/jdk.internal.misc.Unsafe.park(Native Method)
 java.base@15.0.2/java.util.concurrent.locks.LockSupport.park(LockSupport.java:341)
 java.base@15.0.2/java.util.concurrent.locks.AbstractQueuedSynchronizer$ConditionNode.block(AbstractQueuedSynchronizer.java:505)
 java.base@15.0.2/java.util.concurrent.ForkJoinPool.managedBlock(ForkJoinPool.java:3137)
 java.base@15.0.2/java.util.concurrent.locks.AbstractQueuedSynchronizer$ConditionObject.await(AbstractQueuedSynchronizer.java:1614)
 java.base@15.0.2/java.util.concurrent.LinkedBlockingQueue.take(LinkedBlockingQueue.java:435)
 java.base@15.0.2/java.util.concurrent.ThreadPoolExecutor.getTask(ThreadPoolExecutor.java:1056)
 java.base@15.0.2/java.util.concurrent.ThreadPoolExecutor.runWorker(ThreadPoolExecutor.java:1116)
 java.base@15.0.2/java.util.concurrent.ThreadPoolExecutor$Worker.run(ThreadPoolExecutor.java:630)
 java.base@15.0.2/java.lang.Thread.run(Thread.java:832)
2023-02-05 11:43:58 [RMI TCP Connection(10)-127.0.0.1] INFO  o.s.o.j.LocalContainerEntityManagerFactoryBean - Closing JPA EntityManagerFactory for persistence unit 'default'
2023-02-05 11:43:58 [Thread-24] INFO  o.s.c.s.a.z.ZipkinAutoConfiguration - Flushing remaining spans on shutdown
2023-02-05 11:43:58 [RMI TCP Connection(10)-127.0.0.1] INFO  com.zaxxer.hikari.HikariDataSource - HikariPool-4 - Shutdown initiated...
2023-02-05 11:43:58 [Thread-5] INFO  o.s.c.s.a.z.ZipkinAutoConfiguration - Flushing remaining spans on shutdown
2023-02-05 11:43:58 [Thread-43] INFO  o.s.c.s.a.z.ZipkinAutoConfiguration - Flushing remaining spans on shutdown
2023-02-05 11:43:58 [Thread-34] INFO  o.s.c.s.a.z.ZipkinAutoConfiguration - Flushing remaining spans on shutdown
2023-02-05 11:43:58 [RMI TCP Connection(10)-127.0.0.1] INFO  com.zaxxer.hikari.HikariDataSource - HikariPool-4 - Shutdown completed.
2023-02-05 11:43:58 [RMI TCP Connection(10)-127.0.0.1] INFO  c.netflix.discovery.DiscoveryClient - Shutting down DiscoveryClient ...
2023-02-05 11:44:01 [RMI TCP Connection(10)-127.0.0.1] INFO  c.netflix.discovery.DiscoveryClient - Unregistering ...
2023-02-05 11:44:01 [RMI TCP Connection(10)-127.0.0.1] INFO  c.netflix.discovery.DiscoveryClient - DiscoveryClient_DATA-COLLECTON-APP/host.docker.internal:Data-Collecton-App:8055 - deregister  status: 200
2023-02-05 11:44:01 [RMI TCP Connection(10)-127.0.0.1] INFO  c.netflix.discovery.DiscoveryClient - Completed shut down of DiscoveryClient
